<?xml version="1.0" encoding="UTF-8"?>
<robot generator="Robot 5.0.1 (Python 3.9.6 on darwin)" generated="20220927 21:12:09.214" rpa="false" schemaversion="3">
<suite id="s1" name="Howto Rf Works" source="/Users/apua.juan/robotframework_play/howto_rf_works">
<suite id="s1-s1" name="01 The First Suite" source="/Users/apua.juan/robotframework_play/howto_rf_works/01_the_first_suite.robot">
<test id="s1-s1-t1" name="Boot Linux on FPGA" line="10">
<kw name="Program Bitstream" library="mylib">
<status status="PASS" starttime="20220927 21:12:09.224" endtime="20220927 21:12:09.224"/>
</kw>
<kw name="Run Nbd Server" library="mylib">
<status status="PASS" starttime="20220927 21:12:09.224" endtime="20220927 21:12:09.224"/>
</kw>
<kw name="Run Tftp Server" library="mylib">
<status status="PASS" starttime="20220927 21:12:09.224" endtime="20220927 21:12:09.224"/>
</kw>
<kw name="Boot u-boot SPL" library="mylib">
<status status="PASS" starttime="20220927 21:12:09.224" endtime="20220927 21:12:09.224"/>
</kw>
<kw name="Boot u-boot .itb" library="mylib">
<status status="PASS" starttime="20220927 21:12:09.224" endtime="20220927 21:12:09.224"/>
</kw>
<kw name="Boot Linux through tFTP" library="mylib">
<status status="PASS" starttime="20220927 21:12:09.224" endtime="20220927 21:12:09.224"/>
</kw>
<status status="PASS" starttime="20220927 21:12:09.224" endtime="20220927 21:12:09.225"/>
</test>
<doc>It is the first test suite.
We create a test case, and show the test result,
including `output.xml` the raw data, the log, and the report.</doc>
<status status="PASS" starttime="20220927 21:12:09.222" endtime="20220927 21:12:09.225"/>
</suite>
<suite id="s1-s2" name="02 More Suites.Robot" source="/Users/apua.juan/robotframework_play/howto_rf_works/02_more_suites.robot">
<suite id="s1-s2-s1" name="01 Boot 2 Times" source="/Users/apua.juan/robotframework_play/howto_rf_works/02_more_suites.robot/01_boot_2_times.robot">
<test id="s1-s2-s1-t1" name="Boot 2 Times" line="15">
<kw name="Boot Linux on FPGA">
<kw name="Comment" library="BuiltIn">
<arg>boot</arg>
<doc>Displays the given messages in the log file as keyword arguments.</doc>
<status status="PASS" starttime="20220927 21:12:09.227" endtime="20220927 21:12:09.227"/>
</kw>
<status status="PASS" starttime="20220927 21:12:09.227" endtime="20220927 21:12:09.227"/>
</kw>
<kw name="Boot Linux on FPGA">
<kw name="Comment" library="BuiltIn">
<arg>boot</arg>
<doc>Displays the given messages in the log file as keyword arguments.</doc>
<status status="PASS" starttime="20220927 21:12:09.228" endtime="20220927 21:12:09.228"/>
</kw>
<status status="PASS" starttime="20220927 21:12:09.228" endtime="20220927 21:12:09.228"/>
</kw>
<tag>board:vcu118</tag>
<status status="PASS" starttime="20220927 21:12:09.227" endtime="20220927 21:12:09.228"/>
</test>
<test id="s1-s2-s1-t2" name="Boot 3 Times" line="20">
<kw name="Repeat Keyword" library="BuiltIn">
<arg>3 times</arg>
<arg>Boot Linux on FPGA</arg>
<doc>Executes the specified keyword multiple times.</doc>
<msg timestamp="20220927 21:12:09.228" level="INFO">Repeating keyword, round 1/3.</msg>
<kw name="Boot Linux on FPGA">
<kw name="Comment" library="BuiltIn">
<arg>boot</arg>
<doc>Displays the given messages in the log file as keyword arguments.</doc>
<status status="PASS" starttime="20220927 21:12:09.228" endtime="20220927 21:12:09.228"/>
</kw>
<status status="PASS" starttime="20220927 21:12:09.228" endtime="20220927 21:12:09.228"/>
</kw>
<msg timestamp="20220927 21:12:09.228" level="INFO">Repeating keyword, round 2/3.</msg>
<kw name="Boot Linux on FPGA">
<kw name="Comment" library="BuiltIn">
<arg>boot</arg>
<doc>Displays the given messages in the log file as keyword arguments.</doc>
<status status="PASS" starttime="20220927 21:12:09.228" endtime="20220927 21:12:09.228"/>
</kw>
<status status="PASS" starttime="20220927 21:12:09.228" endtime="20220927 21:12:09.229"/>
</kw>
<msg timestamp="20220927 21:12:09.229" level="INFO">Repeating keyword, round 3/3.</msg>
<kw name="Boot Linux on FPGA">
<kw name="Comment" library="BuiltIn">
<arg>boot</arg>
<doc>Displays the given messages in the log file as keyword arguments.</doc>
<status status="PASS" starttime="20220927 21:12:09.229" endtime="20220927 21:12:09.229"/>
</kw>
<status status="PASS" starttime="20220927 21:12:09.229" endtime="20220927 21:12:09.229"/>
</kw>
<status status="PASS" starttime="20220927 21:12:09.228" endtime="20220927 21:12:09.229"/>
</kw>
<tag>board:haps</tag>
<status status="PASS" starttime="20220927 21:12:09.228" endtime="20220927 21:12:09.229"/>
</test>
<test id="s1-s2-s1-t3" name="Boot N Times" line="24">
<kw name="Boot Linux 6 Times" sourcename="Boot Linux ${N} Times">
<kw name="Repeat Keyword" library="BuiltIn">
<arg>${N} times</arg>
<arg>Boot Linux on FPGA</arg>
<doc>Executes the specified keyword multiple times.</doc>
<msg timestamp="20220927 21:12:09.229" level="INFO">Repeating keyword, round 1/6.</msg>
<kw name="Boot Linux on FPGA">
<kw name="Comment" library="BuiltIn">
<arg>boot</arg>
<doc>Displays the given messages in the log file as keyword arguments.</doc>
<status status="PASS" starttime="20220927 21:12:09.229" endtime="20220927 21:12:09.230"/>
</kw>
<status status="PASS" starttime="20220927 21:12:09.229" endtime="20220927 21:12:09.230"/>
</kw>
<msg timestamp="20220927 21:12:09.230" level="INFO">Repeating keyword, round 2/6.</msg>
<kw name="Boot Linux on FPGA">
<kw name="Comment" library="BuiltIn">
<arg>boot</arg>
<doc>Displays the given messages in the log file as keyword arguments.</doc>
<status status="PASS" starttime="20220927 21:12:09.230" endtime="20220927 21:12:09.230"/>
</kw>
<status status="PASS" starttime="20220927 21:12:09.230" endtime="20220927 21:12:09.230"/>
</kw>
<msg timestamp="20220927 21:12:09.230" level="INFO">Repeating keyword, round 3/6.</msg>
<kw name="Boot Linux on FPGA">
<kw name="Comment" library="BuiltIn">
<arg>boot</arg>
<doc>Displays the given messages in the log file as keyword arguments.</doc>
<status status="PASS" starttime="20220927 21:12:09.230" endtime="20220927 21:12:09.230"/>
</kw>
<status status="PASS" starttime="20220927 21:12:09.230" endtime="20220927 21:12:09.230"/>
</kw>
<msg timestamp="20220927 21:12:09.230" level="INFO">Repeating keyword, round 4/6.</msg>
<kw name="Boot Linux on FPGA">
<kw name="Comment" library="BuiltIn">
<arg>boot</arg>
<doc>Displays the given messages in the log file as keyword arguments.</doc>
<status status="PASS" starttime="20220927 21:12:09.230" endtime="20220927 21:12:09.230"/>
</kw>
<status status="PASS" starttime="20220927 21:12:09.230" endtime="20220927 21:12:09.230"/>
</kw>
<msg timestamp="20220927 21:12:09.230" level="INFO">Repeating keyword, round 5/6.</msg>
<kw name="Boot Linux on FPGA">
<kw name="Comment" library="BuiltIn">
<arg>boot</arg>
<doc>Displays the given messages in the log file as keyword arguments.</doc>
<status status="PASS" starttime="20220927 21:12:09.230" endtime="20220927 21:12:09.230"/>
</kw>
<status status="PASS" starttime="20220927 21:12:09.230" endtime="20220927 21:12:09.230"/>
</kw>
<msg timestamp="20220927 21:12:09.230" level="INFO">Repeating keyword, round 6/6.</msg>
<kw name="Boot Linux on FPGA">
<kw name="Comment" library="BuiltIn">
<arg>boot</arg>
<doc>Displays the given messages in the log file as keyword arguments.</doc>
<status status="PASS" starttime="20220927 21:12:09.231" endtime="20220927 21:12:09.231"/>
</kw>
<status status="PASS" starttime="20220927 21:12:09.230" endtime="20220927 21:12:09.231"/>
</kw>
<status status="PASS" starttime="20220927 21:12:09.229" endtime="20220927 21:12:09.231"/>
</kw>
<status status="PASS" starttime="20220927 21:12:09.229" endtime="20220927 21:12:09.231"/>
</kw>
<kw name="Boot Linux 10 Times" sourcename="Boot Linux ${N} Times">
<kw name="Repeat Keyword" library="BuiltIn">
<arg>${N} times</arg>
<arg>Boot Linux on FPGA</arg>
<doc>Executes the specified keyword multiple times.</doc>
<msg timestamp="20220927 21:12:09.231" level="INFO">Repeating keyword, round 1/10.</msg>
<kw name="Boot Linux on FPGA">
<kw name="Comment" library="BuiltIn">
<arg>boot</arg>
<doc>Displays the given messages in the log file as keyword arguments.</doc>
<status status="PASS" starttime="20220927 21:12:09.231" endtime="20220927 21:12:09.231"/>
</kw>
<status status="PASS" starttime="20220927 21:12:09.231" endtime="20220927 21:12:09.231"/>
</kw>
<msg timestamp="20220927 21:12:09.231" level="INFO">Repeating keyword, round 2/10.</msg>
<kw name="Boot Linux on FPGA">
<kw name="Comment" library="BuiltIn">
<arg>boot</arg>
<doc>Displays the given messages in the log file as keyword arguments.</doc>
<status status="PASS" starttime="20220927 21:12:09.231" endtime="20220927 21:12:09.231"/>
</kw>
<status status="PASS" starttime="20220927 21:12:09.231" endtime="20220927 21:12:09.231"/>
</kw>
<msg timestamp="20220927 21:12:09.231" level="INFO">Repeating keyword, round 3/10.</msg>
<kw name="Boot Linux on FPGA">
<kw name="Comment" library="BuiltIn">
<arg>boot</arg>
<doc>Displays the given messages in the log file as keyword arguments.</doc>
<status status="PASS" starttime="20220927 21:12:09.231" endtime="20220927 21:12:09.232"/>
</kw>
<status status="PASS" starttime="20220927 21:12:09.231" endtime="20220927 21:12:09.232"/>
</kw>
<msg timestamp="20220927 21:12:09.232" level="INFO">Repeating keyword, round 4/10.</msg>
<kw name="Boot Linux on FPGA">
<kw name="Comment" library="BuiltIn">
<arg>boot</arg>
<doc>Displays the given messages in the log file as keyword arguments.</doc>
<status status="PASS" starttime="20220927 21:12:09.232" endtime="20220927 21:12:09.232"/>
</kw>
<status status="PASS" starttime="20220927 21:12:09.232" endtime="20220927 21:12:09.232"/>
</kw>
<msg timestamp="20220927 21:12:09.232" level="INFO">Repeating keyword, round 5/10.</msg>
<kw name="Boot Linux on FPGA">
<kw name="Comment" library="BuiltIn">
<arg>boot</arg>
<doc>Displays the given messages in the log file as keyword arguments.</doc>
<status status="PASS" starttime="20220927 21:12:09.232" endtime="20220927 21:12:09.232"/>
</kw>
<status status="PASS" starttime="20220927 21:12:09.232" endtime="20220927 21:12:09.232"/>
</kw>
<msg timestamp="20220927 21:12:09.232" level="INFO">Repeating keyword, round 6/10.</msg>
<kw name="Boot Linux on FPGA">
<kw name="Comment" library="BuiltIn">
<arg>boot</arg>
<doc>Displays the given messages in the log file as keyword arguments.</doc>
<status status="PASS" starttime="20220927 21:12:09.232" endtime="20220927 21:12:09.232"/>
</kw>
<status status="PASS" starttime="20220927 21:12:09.232" endtime="20220927 21:12:09.232"/>
</kw>
<msg timestamp="20220927 21:12:09.232" level="INFO">Repeating keyword, round 7/10.</msg>
<kw name="Boot Linux on FPGA">
<kw name="Comment" library="BuiltIn">
<arg>boot</arg>
<doc>Displays the given messages in the log file as keyword arguments.</doc>
<status status="PASS" starttime="20220927 21:12:09.232" endtime="20220927 21:12:09.232"/>
</kw>
<status status="PASS" starttime="20220927 21:12:09.232" endtime="20220927 21:12:09.232"/>
</kw>
<msg timestamp="20220927 21:12:09.232" level="INFO">Repeating keyword, round 8/10.</msg>
<kw name="Boot Linux on FPGA">
<kw name="Comment" library="BuiltIn">
<arg>boot</arg>
<doc>Displays the given messages in the log file as keyword arguments.</doc>
<status status="PASS" starttime="20220927 21:12:09.233" endtime="20220927 21:12:09.233"/>
</kw>
<status status="PASS" starttime="20220927 21:12:09.232" endtime="20220927 21:12:09.233"/>
</kw>
<msg timestamp="20220927 21:12:09.233" level="INFO">Repeating keyword, round 9/10.</msg>
<kw name="Boot Linux on FPGA">
<kw name="Comment" library="BuiltIn">
<arg>boot</arg>
<doc>Displays the given messages in the log file as keyword arguments.</doc>
<status status="PASS" starttime="20220927 21:12:09.233" endtime="20220927 21:12:09.233"/>
</kw>
<status status="PASS" starttime="20220927 21:12:09.233" endtime="20220927 21:12:09.233"/>
</kw>
<msg timestamp="20220927 21:12:09.233" level="INFO">Repeating keyword, round 10/10.</msg>
<kw name="Boot Linux on FPGA">
<kw name="Comment" library="BuiltIn">
<arg>boot</arg>
<doc>Displays the given messages in the log file as keyword arguments.</doc>
<status status="PASS" starttime="20220927 21:12:09.233" endtime="20220927 21:12:09.233"/>
</kw>
<status status="PASS" starttime="20220927 21:12:09.233" endtime="20220927 21:12:09.233"/>
</kw>
<status status="PASS" starttime="20220927 21:12:09.231" endtime="20220927 21:12:09.233"/>
</kw>
<status status="PASS" starttime="20220927 21:12:09.231" endtime="20220927 21:12:09.233"/>
</kw>
<kw name="Boot Linux 30 Times" sourcename="Boot Linux ${N} Times">
<kw name="Repeat Keyword" library="BuiltIn">
<arg>${N} times</arg>
<arg>Boot Linux on FPGA</arg>
<doc>Executes the specified keyword multiple times.</doc>
<msg timestamp="20220927 21:12:09.233" level="INFO">Repeating keyword, round 1/30.</msg>
<kw name="Boot Linux on FPGA">
<kw name="Comment" library="BuiltIn">
<arg>boot</arg>
<doc>Displays the given messages in the log file as keyword arguments.</doc>
<status status="PASS" starttime="20220927 21:12:09.233" endtime="20220927 21:12:09.233"/>
</kw>
<status status="PASS" starttime="20220927 21:12:09.233" endtime="20220927 21:12:09.234"/>
</kw>
<msg timestamp="20220927 21:12:09.234" level="INFO">Repeating keyword, round 2/30.</msg>
<kw name="Boot Linux on FPGA">
<kw name="Comment" library="BuiltIn">
<arg>boot</arg>
<doc>Displays the given messages in the log file as keyword arguments.</doc>
<status status="PASS" starttime="20220927 21:12:09.234" endtime="20220927 21:12:09.234"/>
</kw>
<status status="PASS" starttime="20220927 21:12:09.234" endtime="20220927 21:12:09.234"/>
</kw>
<msg timestamp="20220927 21:12:09.234" level="INFO">Repeating keyword, round 3/30.</msg>
<kw name="Boot Linux on FPGA">
<kw name="Comment" library="BuiltIn">
<arg>boot</arg>
<doc>Displays the given messages in the log file as keyword arguments.</doc>
<status status="PASS" starttime="20220927 21:12:09.234" endtime="20220927 21:12:09.234"/>
</kw>
<status status="PASS" starttime="20220927 21:12:09.234" endtime="20220927 21:12:09.234"/>
</kw>
<msg timestamp="20220927 21:12:09.234" level="INFO">Repeating keyword, round 4/30.</msg>
<kw name="Boot Linux on FPGA">
<kw name="Comment" library="BuiltIn">
<arg>boot</arg>
<doc>Displays the given messages in the log file as keyword arguments.</doc>
<status status="PASS" starttime="20220927 21:12:09.234" endtime="20220927 21:12:09.234"/>
</kw>
<status status="PASS" starttime="20220927 21:12:09.234" endtime="20220927 21:12:09.234"/>
</kw>
<msg timestamp="20220927 21:12:09.234" level="INFO">Repeating keyword, round 5/30.</msg>
<kw name="Boot Linux on FPGA">
<kw name="Comment" library="BuiltIn">
<arg>boot</arg>
<doc>Displays the given messages in the log file as keyword arguments.</doc>
<status status="PASS" starttime="20220927 21:12:09.235" endtime="20220927 21:12:09.235"/>
</kw>
<status status="PASS" starttime="20220927 21:12:09.234" endtime="20220927 21:12:09.235"/>
</kw>
<msg timestamp="20220927 21:12:09.235" level="INFO">Repeating keyword, round 6/30.</msg>
<kw name="Boot Linux on FPGA">
<kw name="Comment" library="BuiltIn">
<arg>boot</arg>
<doc>Displays the given messages in the log file as keyword arguments.</doc>
<status status="PASS" starttime="20220927 21:12:09.235" endtime="20220927 21:12:09.235"/>
</kw>
<status status="PASS" starttime="20220927 21:12:09.235" endtime="20220927 21:12:09.235"/>
</kw>
<msg timestamp="20220927 21:12:09.235" level="INFO">Repeating keyword, round 7/30.</msg>
<kw name="Boot Linux on FPGA">
<kw name="Comment" library="BuiltIn">
<arg>boot</arg>
<doc>Displays the given messages in the log file as keyword arguments.</doc>
<status status="PASS" starttime="20220927 21:12:09.235" endtime="20220927 21:12:09.235"/>
</kw>
<status status="PASS" starttime="20220927 21:12:09.235" endtime="20220927 21:12:09.235"/>
</kw>
<msg timestamp="20220927 21:12:09.235" level="INFO">Repeating keyword, round 8/30.</msg>
<kw name="Boot Linux on FPGA">
<kw name="Comment" library="BuiltIn">
<arg>boot</arg>
<doc>Displays the given messages in the log file as keyword arguments.</doc>
<status status="PASS" starttime="20220927 21:12:09.235" endtime="20220927 21:12:09.235"/>
</kw>
<status status="PASS" starttime="20220927 21:12:09.235" endtime="20220927 21:12:09.235"/>
</kw>
<msg timestamp="20220927 21:12:09.235" level="INFO">Repeating keyword, round 9/30.</msg>
<kw name="Boot Linux on FPGA">
<kw name="Comment" library="BuiltIn">
<arg>boot</arg>
<doc>Displays the given messages in the log file as keyword arguments.</doc>
<status status="PASS" starttime="20220927 21:12:09.235" endtime="20220927 21:12:09.235"/>
</kw>
<status status="PASS" starttime="20220927 21:12:09.235" endtime="20220927 21:12:09.236"/>
</kw>
<msg timestamp="20220927 21:12:09.236" level="INFO">Repeating keyword, round 10/30.</msg>
<kw name="Boot Linux on FPGA">
<kw name="Comment" library="BuiltIn">
<arg>boot</arg>
<doc>Displays the given messages in the log file as keyword arguments.</doc>
<status status="PASS" starttime="20220927 21:12:09.236" endtime="20220927 21:12:09.236"/>
</kw>
<status status="PASS" starttime="20220927 21:12:09.236" endtime="20220927 21:12:09.236"/>
</kw>
<msg timestamp="20220927 21:12:09.236" level="INFO">Repeating keyword, round 11/30.</msg>
<kw name="Boot Linux on FPGA">
<kw name="Comment" library="BuiltIn">
<arg>boot</arg>
<doc>Displays the given messages in the log file as keyword arguments.</doc>
<status status="PASS" starttime="20220927 21:12:09.236" endtime="20220927 21:12:09.236"/>
</kw>
<status status="PASS" starttime="20220927 21:12:09.236" endtime="20220927 21:12:09.236"/>
</kw>
<msg timestamp="20220927 21:12:09.236" level="INFO">Repeating keyword, round 12/30.</msg>
<kw name="Boot Linux on FPGA">
<kw name="Comment" library="BuiltIn">
<arg>boot</arg>
<doc>Displays the given messages in the log file as keyword arguments.</doc>
<status status="PASS" starttime="20220927 21:12:09.236" endtime="20220927 21:12:09.236"/>
</kw>
<status status="PASS" starttime="20220927 21:12:09.236" endtime="20220927 21:12:09.236"/>
</kw>
<msg timestamp="20220927 21:12:09.236" level="INFO">Repeating keyword, round 13/30.</msg>
<kw name="Boot Linux on FPGA">
<kw name="Comment" library="BuiltIn">
<arg>boot</arg>
<doc>Displays the given messages in the log file as keyword arguments.</doc>
<status status="PASS" starttime="20220927 21:12:09.236" endtime="20220927 21:12:09.236"/>
</kw>
<status status="PASS" starttime="20220927 21:12:09.236" endtime="20220927 21:12:09.236"/>
</kw>
<msg timestamp="20220927 21:12:09.236" level="INFO">Repeating keyword, round 14/30.</msg>
<kw name="Boot Linux on FPGA">
<kw name="Comment" library="BuiltIn">
<arg>boot</arg>
<doc>Displays the given messages in the log file as keyword arguments.</doc>
<status status="PASS" starttime="20220927 21:12:09.237" endtime="20220927 21:12:09.237"/>
</kw>
<status status="PASS" starttime="20220927 21:12:09.236" endtime="20220927 21:12:09.237"/>
</kw>
<msg timestamp="20220927 21:12:09.237" level="INFO">Repeating keyword, round 15/30.</msg>
<kw name="Boot Linux on FPGA">
<kw name="Comment" library="BuiltIn">
<arg>boot</arg>
<doc>Displays the given messages in the log file as keyword arguments.</doc>
<status status="PASS" starttime="20220927 21:12:09.237" endtime="20220927 21:12:09.237"/>
</kw>
<status status="PASS" starttime="20220927 21:12:09.237" endtime="20220927 21:12:09.237"/>
</kw>
<msg timestamp="20220927 21:12:09.237" level="INFO">Repeating keyword, round 16/30.</msg>
<kw name="Boot Linux on FPGA">
<kw name="Comment" library="BuiltIn">
<arg>boot</arg>
<doc>Displays the given messages in the log file as keyword arguments.</doc>
<status status="PASS" starttime="20220927 21:12:09.237" endtime="20220927 21:12:09.237"/>
</kw>
<status status="PASS" starttime="20220927 21:12:09.237" endtime="20220927 21:12:09.237"/>
</kw>
<msg timestamp="20220927 21:12:09.237" level="INFO">Repeating keyword, round 17/30.</msg>
<kw name="Boot Linux on FPGA">
<kw name="Comment" library="BuiltIn">
<arg>boot</arg>
<doc>Displays the given messages in the log file as keyword arguments.</doc>
<status status="PASS" starttime="20220927 21:12:09.237" endtime="20220927 21:12:09.237"/>
</kw>
<status status="PASS" starttime="20220927 21:12:09.237" endtime="20220927 21:12:09.237"/>
</kw>
<msg timestamp="20220927 21:12:09.237" level="INFO">Repeating keyword, round 18/30.</msg>
<kw name="Boot Linux on FPGA">
<kw name="Comment" library="BuiltIn">
<arg>boot</arg>
<doc>Displays the given messages in the log file as keyword arguments.</doc>
<status status="PASS" starttime="20220927 21:12:09.237" endtime="20220927 21:12:09.238"/>
</kw>
<status status="PASS" starttime="20220927 21:12:09.237" endtime="20220927 21:12:09.238"/>
</kw>
<msg timestamp="20220927 21:12:09.238" level="INFO">Repeating keyword, round 19/30.</msg>
<kw name="Boot Linux on FPGA">
<kw name="Comment" library="BuiltIn">
<arg>boot</arg>
<doc>Displays the given messages in the log file as keyword arguments.</doc>
<status status="PASS" starttime="20220927 21:12:09.238" endtime="20220927 21:12:09.238"/>
</kw>
<status status="PASS" starttime="20220927 21:12:09.238" endtime="20220927 21:12:09.238"/>
</kw>
<msg timestamp="20220927 21:12:09.238" level="INFO">Repeating keyword, round 20/30.</msg>
<kw name="Boot Linux on FPGA">
<kw name="Comment" library="BuiltIn">
<arg>boot</arg>
<doc>Displays the given messages in the log file as keyword arguments.</doc>
<status status="PASS" starttime="20220927 21:12:09.238" endtime="20220927 21:12:09.238"/>
</kw>
<status status="PASS" starttime="20220927 21:12:09.238" endtime="20220927 21:12:09.238"/>
</kw>
<msg timestamp="20220927 21:12:09.238" level="INFO">Repeating keyword, round 21/30.</msg>
<kw name="Boot Linux on FPGA">
<kw name="Comment" library="BuiltIn">
<arg>boot</arg>
<doc>Displays the given messages in the log file as keyword arguments.</doc>
<status status="PASS" starttime="20220927 21:12:09.238" endtime="20220927 21:12:09.238"/>
</kw>
<status status="PASS" starttime="20220927 21:12:09.238" endtime="20220927 21:12:09.238"/>
</kw>
<msg timestamp="20220927 21:12:09.238" level="INFO">Repeating keyword, round 22/30.</msg>
<kw name="Boot Linux on FPGA">
<kw name="Comment" library="BuiltIn">
<arg>boot</arg>
<doc>Displays the given messages in the log file as keyword arguments.</doc>
<status status="PASS" starttime="20220927 21:12:09.238" endtime="20220927 21:12:09.238"/>
</kw>
<status status="PASS" starttime="20220927 21:12:09.238" endtime="20220927 21:12:09.238"/>
</kw>
<msg timestamp="20220927 21:12:09.238" level="INFO">Repeating keyword, round 23/30.</msg>
<kw name="Boot Linux on FPGA">
<kw name="Comment" library="BuiltIn">
<arg>boot</arg>
<doc>Displays the given messages in the log file as keyword arguments.</doc>
<status status="PASS" starttime="20220927 21:12:09.238" endtime="20220927 21:12:09.239"/>
</kw>
<status status="PASS" starttime="20220927 21:12:09.238" endtime="20220927 21:12:09.239"/>
</kw>
<msg timestamp="20220927 21:12:09.239" level="INFO">Repeating keyword, round 24/30.</msg>
<kw name="Boot Linux on FPGA">
<kw name="Comment" library="BuiltIn">
<arg>boot</arg>
<doc>Displays the given messages in the log file as keyword arguments.</doc>
<status status="PASS" starttime="20220927 21:12:09.239" endtime="20220927 21:12:09.239"/>
</kw>
<status status="PASS" starttime="20220927 21:12:09.239" endtime="20220927 21:12:09.239"/>
</kw>
<msg timestamp="20220927 21:12:09.239" level="INFO">Repeating keyword, round 25/30.</msg>
<kw name="Boot Linux on FPGA">
<kw name="Comment" library="BuiltIn">
<arg>boot</arg>
<doc>Displays the given messages in the log file as keyword arguments.</doc>
<status status="PASS" starttime="20220927 21:12:09.239" endtime="20220927 21:12:09.239"/>
</kw>
<status status="PASS" starttime="20220927 21:12:09.239" endtime="20220927 21:12:09.239"/>
</kw>
<msg timestamp="20220927 21:12:09.239" level="INFO">Repeating keyword, round 26/30.</msg>
<kw name="Boot Linux on FPGA">
<kw name="Comment" library="BuiltIn">
<arg>boot</arg>
<doc>Displays the given messages in the log file as keyword arguments.</doc>
<status status="PASS" starttime="20220927 21:12:09.239" endtime="20220927 21:12:09.239"/>
</kw>
<status status="PASS" starttime="20220927 21:12:09.239" endtime="20220927 21:12:09.239"/>
</kw>
<msg timestamp="20220927 21:12:09.239" level="INFO">Repeating keyword, round 27/30.</msg>
<kw name="Boot Linux on FPGA">
<kw name="Comment" library="BuiltIn">
<arg>boot</arg>
<doc>Displays the given messages in the log file as keyword arguments.</doc>
<status status="PASS" starttime="20220927 21:12:09.239" endtime="20220927 21:12:09.239"/>
</kw>
<status status="PASS" starttime="20220927 21:12:09.239" endtime="20220927 21:12:09.239"/>
</kw>
<msg timestamp="20220927 21:12:09.239" level="INFO">Repeating keyword, round 28/30.</msg>
<kw name="Boot Linux on FPGA">
<kw name="Comment" library="BuiltIn">
<arg>boot</arg>
<doc>Displays the given messages in the log file as keyword arguments.</doc>
<status status="PASS" starttime="20220927 21:12:09.240" endtime="20220927 21:12:09.240"/>
</kw>
<status status="PASS" starttime="20220927 21:12:09.239" endtime="20220927 21:12:09.240"/>
</kw>
<msg timestamp="20220927 21:12:09.240" level="INFO">Repeating keyword, round 29/30.</msg>
<kw name="Boot Linux on FPGA">
<kw name="Comment" library="BuiltIn">
<arg>boot</arg>
<doc>Displays the given messages in the log file as keyword arguments.</doc>
<status status="PASS" starttime="20220927 21:12:09.240" endtime="20220927 21:12:09.240"/>
</kw>
<status status="PASS" starttime="20220927 21:12:09.240" endtime="20220927 21:12:09.240"/>
</kw>
<msg timestamp="20220927 21:12:09.240" level="INFO">Repeating keyword, round 30/30.</msg>
<kw name="Boot Linux on FPGA">
<kw name="Comment" library="BuiltIn">
<arg>boot</arg>
<doc>Displays the given messages in the log file as keyword arguments.</doc>
<status status="PASS" starttime="20220927 21:12:09.240" endtime="20220927 21:12:09.240"/>
</kw>
<status status="PASS" starttime="20220927 21:12:09.240" endtime="20220927 21:12:09.240"/>
</kw>
<status status="PASS" starttime="20220927 21:12:09.233" endtime="20220927 21:12:09.240"/>
</kw>
<status status="PASS" starttime="20220927 21:12:09.233" endtime="20220927 21:12:09.240"/>
</kw>
<tag>board:vcu118</tag>
<status status="PASS" starttime="20220927 21:12:09.229" endtime="20220927 21:12:09.240"/>
</test>
<test id="s1-s2-s1-t4" name="Boot 9 Times" line="30">
<kw name="Log To Console" library="BuiltIn">
<arg>${x}</arg>
<doc>Logs the given message to the console.</doc>
<status status="PASS" starttime="20220927 21:12:09.241" endtime="20220927 21:12:09.241"/>
</kw>
<tag>require variable</tag>
<status status="PASS" starttime="20220927 21:12:09.240" endtime="20220927 21:12:09.241"/>
</test>
<doc>Boot N times</doc>
<status status="PASS" starttime="20220927 21:12:09.226" endtime="20220927 21:12:09.241"/>
</suite>
<suite id="s1-s2-s2" name="02 Run Test" source="/Users/apua.juan/robotframework_play/howto_rf_works/02_more_suites.robot/02_run_test.robot">
<test id="s1-s2-s2-t1" name="Run Test" line="9">
<kw name="Run Keywords" library="BuiltIn" type="SETUP">
<arg>Boot Linux</arg>
<arg>AND</arg>
<arg>Login Linux</arg>
<doc>Executes all the given keywords in a sequence.</doc>
<kw name="boot linux" library="pro_fpga_run_linux">
<kw name="Comment" library="BuiltIn">
<arg>not implemented yet</arg>
<doc>Displays the given messages in the log file as keyword arguments.</doc>
<status status="PASS" starttime="20220927 21:12:09.243" endtime="20220927 21:12:09.243"/>
</kw>
<status status="PASS" starttime="20220927 21:12:09.243" endtime="20220927 21:12:09.243"/>
</kw>
<kw name="login linux" library="pro_fpga_run_linux">
<kw name="Comment" library="BuiltIn">
<arg>not implemented yet</arg>
<doc>Displays the given messages in the log file as keyword arguments.</doc>
<status status="PASS" starttime="20220927 21:12:09.243" endtime="20220927 21:12:09.243"/>
</kw>
<status status="PASS" starttime="20220927 21:12:09.243" endtime="20220927 21:12:09.243"/>
</kw>
<status status="PASS" starttime="20220927 21:12:09.243" endtime="20220927 21:12:09.243"/>
</kw>
<kw name="Comment" library="BuiltIn">
<arg>run test on Linux</arg>
<doc>Displays the given messages in the log file as keyword arguments.</doc>
<status status="PASS" starttime="20220927 21:12:09.243" endtime="20220927 21:12:09.243"/>
</kw>
<kw name="logout linux" library="pro_fpga_run_linux" type="TEARDOWN">
<kw name="Comment" library="BuiltIn">
<arg>not implemented yet</arg>
<doc>Displays the given messages in the log file as keyword arguments.</doc>
<status status="PASS" starttime="20220927 21:12:09.244" endtime="20220927 21:12:09.244"/>
</kw>
<status status="PASS" starttime="20220927 21:12:09.243" endtime="20220927 21:12:09.244"/>
</kw>
<status status="PASS" starttime="20220927 21:12:09.243" endtime="20220927 21:12:09.244"/>
</test>
<status status="PASS" starttime="20220927 21:12:09.241" endtime="20220927 21:12:09.244"/>
</suite>
<status status="PASS" starttime="20220927 21:12:09.225" endtime="20220927 21:12:09.244"/>
</suite>
<status status="PASS" starttime="20220927 21:12:09.215" endtime="20220927 21:12:09.245"/>
</suite>
<statistics>
<total>
<stat pass="6" fail="0" skip="0">All Tests</stat>
</total>
<tag>
<stat pass="1" fail="0" skip="0">board:haps</stat>
<stat pass="2" fail="0" skip="0">board:vcu118</stat>
<stat pass="1" fail="0" skip="0">require variable</stat>
</tag>
<suite>
<stat pass="6" fail="0" skip="0" id="s1" name="Howto Rf Works">Howto Rf Works</stat>
<stat pass="1" fail="0" skip="0" id="s1-s1" name="01 The First Suite">Howto Rf Works.01 The First Suite</stat>
<stat pass="5" fail="0" skip="0" id="s1-s2" name="02 More Suites.Robot">Howto Rf Works.02 More Suites.Robot</stat>
<stat pass="4" fail="0" skip="0" id="s1-s2-s1" name="01 Boot 2 Times">Howto Rf Works.02 More Suites.Robot.01 Boot 2 Times</stat>
<stat pass="1" fail="0" skip="0" id="s1-s2-s2" name="02 Run Test">Howto Rf Works.02 More Suites.Robot.02 Run Test</stat>
</suite>
</statistics>
<errors>
</errors>
</robot>
